<?xml version="1.0" encoding="UTF-8"?>
<!-- Generated by org.testng.reporters.JUnitReportReporter -->
<testsuite hostname="DESKTOP-HN7CVRU" failures="0" tests="1" name="tests.Test1" time="0.014" errors="0" timestamp="2023-07-29T08:51:52 IST" skipped="0">
  <testcase classname="tests.Test1" name="method" time="0.014"/>
</testsuite> <!-- tests.Test1 -->
